========================================================================
Module 15: Delta Boost Verification
LaTeX paper section: 'The Exceptional Prime Set for pi/10'
========================================================================

Constants:
  pi/10 = 0.31415926535897932384626433832795029
  mpmath dps = 100

========================================================================
CLAIM 1: Table ||p*pi/10|| values (16 entries)
========================================================================

      p   paper value     true value (mpmath)     abs err   verdict   hit?
  ---------------------------------------------------------------------------
      2    0.37166359          0.371681469282    1.79e-05     WRONG    YES
      3    0.05759539          0.057522203923    7.32e-05     WRONG    YES
      5    0.42925878          0.429203673205    5.51e-05     WRONG     no
      7    0.20092865          0.199114857513    1.81e-03     WRONG     no
     11    0.45610154          0.455751918949    3.50e-04     WRONG     no
     13    0.08443515          0.084070449667    3.65e-04     WRONG     no
     17    0.34110602          0.340707511103    3.99e-04     WRONG     no
     19    0.03027262          0.030973958179    7.01e-04     WRONG    YES
     23    0.28694349          0.225663103257    6.13e-02     WRONG     no
     29    0.45839086          0.110618695410    3.48e-01     WRONG     no
     31    0.08672446          0.261062773872    1.74e-01     WRONG     no
     37    0.25817184          0.376107181718    1.18e-01     WRONG     no
     41    0.48650271          0.119470120282    3.67e-01     WRONG     no
     43    0.11483631          0.491151589564    3.76e-01     WRONG     no
    191    0.00155435          0.004419683565    2.87e-03     WRONG    YES
    197    0.11343472          0.110624724281    2.81e-03     WRONG     no

  All 16 table values correct: False
  FINDING: ALL 16 values in the paper table are WRONG.
  Errors range from 1.79e-5 (p=2) to 3.76e-1 (p=43).
  The truncated SHA 'a7f3d1b9e5c2...' cannot be verified.
  The 'arbf' / ARB computation was not reproducible.

  DESPITE wrong table values: the qualitative conclusion
  (which primes hit vs miss) is CORRECT -- see Claim 6.

========================================================================
CLAIM 2: delta_p definition and positivity
========================================================================

  DEFINITION (from paper):
    delta_p = -log(||p*pi/10||) - log(p)

  LEMMA: For p in S, delta_p > 0.
  PROOF: ||p*pi/10|| < 1/p  =>  -log(||p*pi/10||) > log(p)
         =>  delta_p = -log(||p*pi/10||) - log(p) > 0.  QED.

  Verification for S_4 = {2,3,19,191}:
    p=   2: ||2*pi/10|| = 0.371681469282  < 1/2 = 0.500000000000? True  =>  delta_2 = 0.29657088 > 0? True
    p=   3: ||3*pi/10|| = 0.057522203923  < 1/3 = 0.333333333333? True  =>  delta_3 = 1.75697196 > 0? True
    p=  19: ||19*pi/10|| = 0.030973958179  < 1/19 = 0.052631578947? True  =>  delta_19 = 0.53016951 > 0? True
    p= 191: ||191*pi/10|| = 0.004419683565  < 1/191 = 0.005235602094? True  =>  delta_191 = 0.16941375 > 0? True

  Definition and positivity: VERIFIED.

========================================================================
CLAIM 3: Individual delta_p values (paper vs truth)
========================================================================

  CRITICAL FINDING: The paper has TWO independent errors in delta_p:
  ERROR A) Wrong ||p*pi/10|| values (from Claim 1)
  ERROR B) SIGN ERROR: paper computes -log(||.||) + log(p)  [uses +]
           but the DEFINITION uses -log(||.||) - log(p)      [uses -]

      p   paper -log(||.||)  paper sign   paper log(p)   paper delta    TRUE delta        diff  verdict
  -------------------------------------------------------------------------------------------------------------------
      2            0.989644           +       0.693147      1.682791      0.296571      1.3862  WRONG
         TRUE -log(||.||) = 0.989718  SIGN = -  TRUE log(p) = 0.693147

      3            2.854428           +       1.098612      3.953040      1.756972      2.1961  WRONG
         TRUE -log(||.||) = 2.855584  SIGN = -  TRUE log(p) = 1.098612

     19            3.497762           +       2.944439      6.442201      0.530170      5.9120  WRONG
         TRUE -log(||.||) = 3.474608  SIGN = -  TRUE log(p) = 2.944439

    191            6.466605           +       5.252273     11.718878      0.169414     11.5495  WRONG
         TRUE -log(||.||) = 5.421687  SIGN = -  TRUE log(p) = 5.252273


  NOTE: The sign error alone (using + instead of -):
  If we used the wrong sign but CORRECT ||.|| values:
    p=2: -log(CORRECT ||.||) + log(p) = 1.682865  vs paper 1.682791  diff=0.000074
    p=3: -log(CORRECT ||.||) + log(p) = 3.954197  vs paper 3.953040  diff=0.001157
    p=19: -log(CORRECT ||.||) + log(p) = 6.419047  vs paper 6.442201  diff=0.023154
    p=191: -log(CORRECT ||.||) + log(p) = 10.673961  vs paper 11.718878  diff=1.044917

========================================================================
CLAIM 4: Sum Delta_DS^(4) = 23.796910 +- 1e-6
========================================================================

  True delta values (correct formula, correct ||.||):
    delta_   2 = 0.296570876324497
    delta_   3 = 1.75697196186576
    delta_  19 = 0.530169507106882
    delta_ 191 = 0.169413749026156
  TRUE  sum = 2.7531260943232951007
  PAPER sum = 23.796910
  Difference = 21.043784

  CLAIM 4 VERDICT: WRONG  (true sum ~2.753126, off by 21.044)

  Audit note: The sum 23.796910 would be produced by the wrong formula
  delta_p = -log(||p*pi/10||_WRONG) + log(p)  [two errors: wrong ||.|| + sign]
  For example: paper delta_2 = -log(0.37166359) + log(2) = 0.989644 + 0.693147 = 1.682791
  But definition says: delta_2 = -log(||2*pi/10||) - log(2) = 0.296570876324

========================================================================
CLAIM 5: p_5 = min(S \ S_4) > 6*10^12
========================================================================

  Certified p_5 = 3993746143633
  Parent module M4 SHA: b810a7a331e47066e3eb4765a5ffdc17c1a56ddbff855a096c18ce2e9e2a19ed

  p_5 = 3.993746e+12  < 6*10^12 = 6.000000e+12
  Paper's claim 'p_5 > 6*10^12' is: WRONG
  True lower bound proven in M4: p_5 > 10^10  (S_4 complete up to 10^10)
  True exact value (certified by M4 prime test): p_5 = 3,993,746,143,633

  The paper's remark 'min(S \ S_4) > 6 * 10^12' overclaims by ~50%.
  Likely origin: rounded from ~4*10^12 to an incorrect '6*10^12'.

========================================================================
CLAIM 6: S_4 cap [2, 10^10] = {2,3,19,191}  (qualitative correctness)
========================================================================

  This claim is a consequence of M4 (SHA b810a7a3...), which certified
  via CF convergent sieve that S_4 = {2, 3, 19, 191} exhaustively up to 10^10.

  Table hit/miss classifications (paper vs truth):
    p=   2:  paper=HIT  true=HIT  agree=True
    p=   3:  paper=HIT  true=HIT  agree=True
    p=   5:  paper=miss  true=miss  agree=True
    p=   7:  paper=miss  true=miss  agree=True
    p=  11:  paper=miss  true=miss  agree=True
    p=  13:  paper=miss  true=miss  agree=True
    p=  17:  paper=miss  true=miss  agree=True
    p=  19:  paper=HIT  true=HIT  agree=True
    p=  23:  paper=miss  true=miss  agree=True
    p=  29:  paper=miss  true=miss  agree=True
    p=  31:  paper=miss  true=miss  agree=True
    p=  37:  paper=miss  true=miss  agree=True
    p=  41:  paper=miss  true=miss  agree=True
    p=  43:  paper=miss  true=miss  agree=True
    p= 191:  paper=HIT  true=HIT  agree=True
    p= 197:  paper=miss  true=miss  agree=True

  All 16 qualitative hit/miss verdicts: MATCH
  CLAIM 6 VERDICT: CORRECT  (conclusion stands despite wrong table values)
  Source: M4 certified SHA b810a7a331e47066e3eb4765a5ffdc17c1a56ddbff855a096c18ce2e9e2a19ed

========================================================================
CERTIFIABLE RESULTS (what can be locked in this module)
========================================================================

  CERTIFIED:
  pi/10 = 0.314159265358979323846264338328

  Correct ||p*pi/10|| values (S_4 primes):
    ||  2*pi/10|| = 0.37168146928204135231
    ||  3*pi/10|| = 0.057522203923062028461
    || 19*pi/10|| = 0.030973958179392846921
    ||191*pi/10|| = 0.0044196835650508546365

  Correct delta_p = -log(||p*pi/10||) - log(p)  [natural log]:
    delta_   2 = 0.29657087632449742694
    delta_   3 = 1.756971961865759705
    delta_  19 = 0.5301695071068816828
    delta_ 191 = 0.16941374902615628599

  TRUE Delta_DS^(4) = 2.753126094323295100690126
  Paper claimed:       23.796910  [WRONG: off by 21.0438]

  S_4 = {2, 3, 19, 191}  [CORRECT, certified by M4 SHA b810a7a3...]
  p_5 = 3993746143633     [CORRECT, certified by M4]
  p_5 > 6*10^12 claim:    [WRONG -- p_5 = 3.994*10^12 < 6*10^12]

  AUDIT ERRORS (4 independent errors found in paper section):
  E1: All 16 ||p*pi/10|| values in table are wrong
      (errors from 1.79e-5 to 3.76e-1; likely unverified/wrong computation)
  E2: Sign error in delta_p formula: paper uses + log(p) instead of - log(p)
      Definition says delta_p = -log(||.||) - log(p)
      Computation uses delta_p = -log(||.||) + log(p)  [WRONG]
  E3: Delta_DS^(4) = 23.796910 is wrong (two compounding errors E1+E2)
      Correct value: Delta_DS^(4) = 2.75312609432
  E4: Bound 'p_5 > 6*10^12' is wrong. True: p_5 = 3993746143633 < 6*10^12

  PRESERVED:
  - S_4 = {2,3,19,191} is correctly identified
  - The BC finiteness argument (Thm Baker / mu=2) is not contradicted
  - delta_p > 0 for all p in S_4 (Lemma) holds with correct formula

========================================================================
CERTIFIED.
========================================================================
