========================================================================
MODULE 18: Resonance Ladder -- beta = 299 + k * pi/10
Battle Plan v1.6 | David Fox | May 2026
========================================================================

c/10^6 = 299.792458
k(c/10^6) = 2.522472  (mpmath)
  => k_c ~ 2.52, NOT 2.67 as annotated in external conversation
  k=2.67 gives beta = 299.838805, c/10^6 = 299.792458 -- DIFFERENT

FULL SWEEP (step 0.05):
     k         beta    |S|      C(beta)    g_max
----------------------------------------------------
  0.50   299.157080      5    14.823154       55
  0.55   299.172788      6    21.594594      117
  0.60   299.188496      8    35.754501      320
  0.65   299.204204      4    17.750933       79
  0.70   299.219911      6    24.513506      151
  0.75   299.235619      6    16.114911       65
  0.80   299.251327      3     8.314130       18
  0.85   299.267035      6    19.143540       92
  0.90   299.282743      7    35.323477      312
  0.95   299.298451      8    40.439455      409
  1.00   299.314159      4    11.422149       33
  1.05   299.329867      7    36.679688      337
  1.10   299.345575      6    24.358654      149
  1.15   299.361283      8    31.090891      242
  1.20   299.376991      6    25.906342      168
  1.25   299.392699      4     8.324027       18
  1.30   299.408407      6    14.650103       54
  1.35   299.424115      8    40.745557      416
  1.40   299.439823      8    36.653313      336
  1.45   299.455531      4    14.831982       55
  1.50   299.471239      4    18.420925       85
  1.55   299.486947      3    11.886279       36
  1.60   299.502655      2    12.031949       37
  1.65   299.518363      4    17.891683       81
  1.70   299.534071      6    27.594025      191
  1.75   299.549779      4    15.922758       64
  1.80   299.565487      8    37.051351      344
  1.85   299.581195      7    17.823464       80
  1.90   299.596903      6    25.542522      164
  1.95   299.612611      6    19.766466       98
  2.00   299.628319      6    16.304044       67
  2.05   299.644026      5    12.830027       42
  2.10   299.659734      7    34.535832      299
  2.15   299.675442      5    23.794897      142
  2.20   299.691150      4    12.218864       38
  2.25   299.706858      7    31.723514      252
  2.30   299.722566      6    20.612274      107
  2.35   299.738274      8    35.767692      320
  2.40   299.753982      5    24.228315      147
  2.45   299.769690      5    18.513867       86
  2.50   299.785398      3     8.872626       20
  2.55   299.801106      3     8.625469       19
  2.60   299.816814      7    31.362788      246
  2.65   299.832522      3    14.006695       50
  2.70   299.848230      8    44.137433      488
  2.75   299.863938      3    10.294655       27
  2.80   299.879646      6    36.937791      342
  2.85   299.895354      5    20.346148      104
  2.90   299.911062      4    11.818629       35
  2.95   299.926770      5    16.739069       71
  3.00   299.942478      4    11.014733       31
  3.05   299.958186      7    42.175883      445
  3.10   299.973894      5    17.798379       80
  3.15   299.989602      6    18.307483       84
  3.20   300.005310      7    22.671808      129
  3.25   300.021018      6    24.758369      154
  3.30   300.036726      8    38.906303      379
  3.35   300.052434      4    14.499577       53
  3.40   300.068142      4    12.907673       42
  3.45   300.083849      6    25.960480      169
  3.50   300.099557      2     3.034213        3

MINIMUM C: k=3.50, beta=300.099557, |S|=2, C=3.0342, g_max=3
MAXIMUM C: k=2.70, beta=299.848230, |S|=8, C=44.1374, g_max=488

ZOOM: k in [3.00, 3.25] step 0.01 (explosion region):
     k         beta    |S|      C(beta)    g_max
--------------------------------------------------
  3.00   299.942478      4    11.014733       31
  3.01   299.945619      6    21.172627      113
  3.02   299.948761      5    24.895914      155
  3.03   299.951903      5    24.457528      150
  3.04   299.955044      6    22.680653      129
  3.05   299.958186      7    42.175883      445
  3.06   299.961327      4    10.273388       27
  3.07   299.964469      5    13.843725       48
  3.08   299.967611      6    28.264895      200
  3.09   299.970752      5    16.318163       67
  3.10   299.973894      5    17.798379       80
  3.11   299.977035      5    15.081375       57
  3.12   299.980177      6    17.860645       80
  3.13   299.983319      5    11.464079       33
  3.14   299.986460      8    37.448532      351
  3.15   299.989602      6    18.307483       84
  3.16   299.992743      7    23.862422      143
  3.17   299.995885      7    23.385011      137
  3.18   299.999026     14    58.255083      849
  3.19   300.002168      9    24.997658      157
  3.20   300.005310      7    22.671808      129
  3.21   300.008451      7    34.839725      304
  3.22   300.011593      5    12.499491       40
  3.23   300.014734      6    19.442843       95
  3.24   300.017876      4     7.316239       14
  3.25   300.021018      6    24.758369      154

ZOOM: k near k_c=2.5225 (c/10^6 region), step 0.02:
     k         beta    |S|      C(beta)    g_max
--------------------------------------------------
  2.32   299.728849      8    38.216851      366
  2.34   299.735133      7    31.787139      253
  2.36   299.741416      4    13.851089       48
  2.38   299.747699      5    21.919880      121
  2.40   299.753982      5    24.228315      147
  2.42   299.760265      4    12.837039       42
  2.44   299.766549      8    32.210387      260
  2.46   299.772832      6    21.123293      112
  2.48   299.779115      3     8.523285       19
  2.50   299.785398      3     8.872626       20 <-- k_c
  2.52   299.791681      6    33.591000      283 <-- k_c
  2.54   299.797965      5    30.018102      226 <-- k_c
  2.56   299.804248      5    28.300701      201
  2.58   299.810531      5    18.872012       90
  2.60   299.816814      7    31.362788      246
  2.62   299.823097      6    21.691727      118
  2.64   299.829380      6    23.696677      141
  2.66   299.835664      5    23.380901      137
  2.68   299.841947      6    28.097881      198
  2.70   299.848230      8    44.137433      488
  2.72   299.854513      2     3.656523        4
  2.74   299.860796      6    30.191404      228
  2.76   299.867080      5    22.975003      132

MPMATH-CERTIFIED KEY ROWS (100 dps):
     k         beta    |S|        C(beta)    g_max  note
--------------------------------------------------------------------------------
  1.00   299.314159      4    11.42214869       33  beta_0=299+pi/10 [M4/M5]
  2.52   299.791681      6    33.59099989      283  k_c: beta~c/10^6=299.7925
  2.00   299.628319      6    16.30404412       67  
  2.67   299.838805      6    28.32425777      201  screenshot k (NOT c/10^6)
  3.00   299.942478      4    11.01473296       31  below explosion
  3.18   299.999026     14    58.25508311      849  near beta=300 (explosion)

CROSS-CHECKS:
  k=1.00: C=11.42214869, M5 C(S4)=11.42214869, MATCH=PASS
  k=1.00: g_max=33, M9 certified g=33, MATCH
  k=1.00: S_beta=[2, 3, 19, 191]

SCREENSHOT ANNOTATION CHECK:
  External AI says: k=2.67 gives beta ~ c/10^6
  Our computation:  k_c = 2.522472, so k_c ~ 2.52
  k=2.67 gives beta = 299.838805
  c/10^6            = 299.792458
  Difference        = 0.046347
  VERDICT: k=2.67 annotation is WRONG. Correct k_c = 2.5225

========================================================================
CERTIFIED SUMMARY:
========================================================================

  Sweep: k = 0.50 to 3.50, step 0.05; primes to 100000
  k_c (c/10^6) = 2.522472  [mpmath, SHA-bound below]
  Minimum C at k=3.50: C=3.0342, g_max=3
  Min C (mpmath certified): C=3.034213, g_max=3
  Explosion: near k~3.18 (beta->300)
  At k=1.00: C=11.422149, S=[2, 3, 19, 191]

  KEY VERIFIED FACT: k=2.67 does NOT correspond to c/10^6.
  k(c/10^6) = 2.522472; k=2.67 is 0.148 above k_c.
  Both observations (c proximity, C minimum) are valid independently.

========================================================================
CERTIFIED.
========================================================================
