=== M8I: TRAVERSABLE WORMHOLE ARCHITECTURE ===
Opera Numerorum / Battle Plan v1.6
David Fox, May 21, 2026

--- SECTION 0: PARAMETERS ---
r0      = 3.0 m
delta   = 0.5 m
G0      = 6.67430e-11 m/kg  [c=1 units, SI: m^3 kg^-1 s^-2]
f^2     = 6.3100  [c=1 natural units; SI equiv ~2.3e18 J/m]
lambda  = 3.290e-45  [c=1 units]
c_SI    = 2.9979246e+08 m/s
g_Earth = 9.80665 m/s^2
L_body  = 2.0 m  (tidal check height)
v_g     = 3.183 * c = 9.54239e+08 m/s  [from M8F certified]

--- SECTION 1: Z(r) THROAT PROFILE ---
Z(r) = 1 + 14*tanh^2((r - r0)/delta)

  Z(3.00) = 1.0000   Z'(3.00) = 0.0000 m^-1
  Z(3.10) = 1.5454   Z'(3.10) = 10.6224 m^-1
  Z(3.25) = 3.9897   Z'(3.25) = 20.3521 m^-1
  Z(3.50) = 9.1204   Z'(3.50) = 17.9116 m^-1
  Z(4.00) = 14.0109   Z'(4.00) = 3.8141 m^-1
  Z(4.50) = 14.8619   Z'(4.50) = 0.5498 m^-1
  Z(5.00) = 14.9812   Z'(5.00) = 0.0750 m^-1

--- SECTION 2: EINSTEIN ODE b'(r) ---
b'(r) = 8*pi*G_eff(Z)*[f^2/2*(Z')^2 + V(Z)]*r^2  [c=1 natural units]
Boundary: b(r0) = r0 = 3.0 m

--- SECTION 3: THROAT PROFILE TABLE ---

  r [m]        Z    b(r) [m]     1-b/r   b_ode [m]   R_rtr [m^-2]   |R|*L^2 [g]
------------------------------------------------------------------------------------------
   3.00    1.000    3.000000    0.0000    0.000000         0.0000        0.0000g
   3.10    1.545    3.003635    0.0311    0.050935         1.5365        0.6267g
   3.25    3.990    3.006777    0.0748    0.004626         0.5823        0.2375g
   3.50    9.120    3.007073    0.1408    0.000152         0.2490        0.1015g
   4.00   14.011    3.007088    0.2482    0.000002         0.0946        0.0386g
   4.50   14.862    3.007088    0.3318    0.000000         0.0497        0.0203g
   5.00   14.981    3.007088    0.3986    0.000000         0.0302        0.0123g

Note: R_rtr positive => radial compression near throat. See Section 4a for interpretation.
Note: Supervisor's solve gave R_rtr negative (sign convention differs). See Section 4a.

--- SECTION 4: KEY DERIVED NUMBERS ---

4a. TIDAL ANALYSIS (Morris-Thorne Phi=0 metric)

  Formula: R^r_hat_t_hat_r_hat_t_hat = -(b'*r - b) / (2*r^2*(r-b))
  Tidal acceleration [m/s^2] = |R_rtr| * L^2  (natural-unit convention)

  Supervisor's claimed values (M8I-Throat v1.1):
    R_rtr(3.5m) = -0.2441 m^-2 -> tidal = 0.100g   [b(3.5)=3.1987 claimed]
    R_rtr(3.1m) = -0.1184 m^-2 -> tidal = 0.048g
    STATUS: Could not reproduce from stated ODE. See module docstring.

  This computation (f^2=6.31, self-consistent ODE):
    r=3.00m: R_rtr=0.0000 m^-2  tidal=0.0000g  tidal spike (near-throat, 0.3 ns zone)
    r=3.10m: R_rtr=1.5365 m^-2  tidal=0.6267g  tidal spike (near-throat, 0.3 ns zone)
    r=3.25m: R_rtr=0.5823 m^-2  tidal=0.2375g  
    r=3.50m: R_rtr=0.2490 m^-2  tidal=0.1015g  
    r=4.00m: R_rtr=0.0946 m^-2  tidal=0.0386g  
    r=4.50m: R_rtr=0.0497 m^-2  tidal=0.0203g  
    r=5.00m: R_rtr=0.0302 m^-2  tidal=0.0123g  

  Max tidal (r > 3.10m, bulk transit):  0.2375 g at r=3.25 m
  Throat spike zone: r=[3.00, 3.10], width=0.15 m
  Spike transit time: 0.15 m / 9.542e+08 m/s = 0.1572 ns
  Tidal in spike zone: 0.6267 g (max)
  Tidal impulse (force * time, 70 kg person):
    F_tidal = 430.21 N,  t_spike = 0.1572 ns
    Impulse = 6.7626e-08 N*s  (negligible vs standing impulse ~686 N*s/s)

  OPEN QUESTION OQ-1: High R_rtr near throat (0.63g at 3.10m)
    Root cause: b'(r0)=0 (Z'(r0)=0). Fix: adjust Z profile so b'(r0)>0.
    Supervisor's claimed fix: b'(r0)=0.51 via modified parameterisation.
    Impact on traversal: 0.15m zone, transit 0.157 ns, impulse negligible.

4b. FLARING-OUT CONDITION
  b'(r0) from ODE = 0.00000000
  Requirement: b'(r0) < 1
  PASS: b'(r0) = 0.000000 < 1  (True)

4c. NO-HORIZON CHECK: 1-b/r >= 0 everywhere above throat
  Minimum 1-b/r = 0.031085 at r = 3.10 m
  PASS: No horizon  (True)

4d. PROPER LENGTH AND TRANSIT TIME
  Integration range: r0 to 4.0 m (= r0 + 2*delta), both sides
  Analytic near-throat piece [r0, 3.02m]: 0.4899 m
  Numerical piece [3.02m, 4.0m]: 3.1892 m
  L_proper (one side) = 3.6791 m
  L_proper (total, both sides) = 7.3581 m
  v_g = 3.183 * c = 9.54239e+08 m/s  (from M8F certified)
  Delta_tau = 7.3581 m / 9.5424e+08 m/s = 7.7110e-09 s = 7.711 ns
  TRANSIT < 2 ns: FAIL (OPEN QUESTION OQ-2)  [supervisor claimed 1.08 ns]
  OQ-2: Transit = 7.71 ns. Supervisor claimed 1.08 ns.
         Different b(r) profile (b grows faster in their solve).
         Fix: increase f^2 calibration to match supervisor's b table.

4e. STABILITY (collapse time)
  tau_c = r0 / (c * sqrt(1-b/r)|_{r=3.10}) = 3.0/(2.9979e+08*0.1763)
  tau_c = 5.6757e-08 s = 56.76 ns
  Collapse time >> transit time: PASS  (56.76 ns >> 7.711 ns)

4f. Z-FIELD VACUUM ENERGY
  E_Z (c=1 natural units) = 1.9071e+05 m^-1
  E_Z_SI = E_Z_nat * c^4/G0 = 2.3081e+49 J
  NOTE: This is the Z-field vacuum energy, NOT the resonator cavity energy.
  At Planck scale (c^4/G0 = 1.2103e+44 J/m), vacuum energy is astronomically large.
  This is expected: the Z-field configuration is a macroscopic quantum vacuum state.

4g. RESONATOR CAVITY STARTUP ENERGY
  Formula: E_cav = P_RF * t_fill = 5.00e+07 W * 104 s
  E_cav = 5.2000e+09 J = 1.4444 MWh
  This is the RF energy deposited into the resonator to reach operating field.
  Agrees with supervisor: 5.18e9 J = 1.44 MWh  [PASS]
  Hold power: 10 kW (1 kW cavity + 9 kW cryo)

--- SECTION 5: M8I-RESONATOR v1.0 H4 MODE FREQUENCIES ---

Toroidal Nb3Sn superconducting cavity:
  Major radius R = 3.0 m,  minor radius a = 0.2 m,  Q = 1e+10

H4 mode sweep: Z steps from 15 to 1 (14 steps, one per mode locked massive)
Pumping mode n = Z_curr - 1 at each step:
  f_n(Z_curr) = (c / 2*pi*R) * sqrt(n^2 + (Z_curr-1)^2)

Fundamental: c/(2*pi*R) = 1.59045e+07 Hz = 15.9045 MHz

 Step   Z_curr   Z_next   mode n    f_n [MHz]    R_rtr at Z
--------------------------------------------------------------------
    1       15       14       14     314.8927
    2       14       13       13     292.4004
    3       13       12       12     269.9080
    4       12       11       11     247.4157
    5       11       10       10     224.9234
    6       10        9        9     202.4310
    7        9        8        8     179.9387
    8        8        7        7     157.4464
    9        7        6        6     134.9540
   10        6        5        5     112.4617
   11        5        4        4      89.9693
   12        4        3        3      67.4770
   13        3        2        2      44.9847
   14        2        1        1      22.4923

Frequency sweep: 314.8927 MHz (mode 14) -> 22.4923 MHz (mode 1)

--- SECTION 6: QUANTUM SAFETY INTERLOCK ---

Phase-lock condition per H4 mode n:
  dphi_n/dt = omega_n - kappa_n*(Z-n) - K*sin(phi_n - phi_n_dest)
  Abort if |phi_n - phi_n_dest| > pi/2: mode n shuts down, Z cannot reach n.

Entangled link: 14 pairs at lambda=1550 nm, fiber to destination resonator.
Abort threshold: phase drift > 1e-9 rad => mode lock lost => Z step aborts.

Build spec (M8I-Resonator v1.0):
  1. Toroid: R=3.0m, a=0.2m, Nb3Sn, 5 parallel windings, ~78 kg conductor
  2. RF drive: 14 channels, 22.4923 - 314.8927 MHz, 50 MW pulsed / 1 kW CW
  3. Cryo: 4K, 9 kW load, dilution fridge + LHe
  4. Metamaterial shell: 0.5m thick, graded to impose Z(r)=1+14*tanh^2[(r-3)/0.5]
  5. Quantum link: 14 entangled photon pairs at 1550 nm, fiber to destination
  6. Control: FPGA, 1 ns feedback loop, phase monitors abort channel

Startup sequence:
  1. Cool to 4K:                                    6 hours
  2. Ramp RF from 314.9 MHz to 22.4923 MHz:   ~30 s (Z: 15->1)
  3. Lock all 14 entangled photon pairs:            1 s
  4. Throat open. Hold: 1 kW cavity + 9 kW cryo = 10 kW
  5. Transit: 6s approach + 7.711 ns crossing + 6s exit

Total mass: ~78 kg active, ~2 tonnes with cryo+shell. Fits Starship.
Startup energy: 5.2000e+09 J = 1.4444 MWh (104 s at 50 MW RF)

--- SECTION 7: MORRIS-THORNE CONSTRAINT SUMMARY ---

ds^2 = -c^2 dt^2 + dr^2/(1-b/r) + r^2*dOmega^2  [Phi=0, Kretschmar-Morris-Thorne]

Constraint                                       Status  Detail
------------------------------------------------------------------------------------------
Throat at r0=3m                                    PASS  b(r0)=3.000000 m = r0 =3.0
b'(r0) < 1 (flaring-out)                           PASS  b'(r0)=0.00000000
No horizon: 1-b/r > 0                              PASS  min(1-b/r)=0.031085 at r=3.1m
Bulk tidal < 0.20g (r>3.10m)                    FAIL/OQ  max=0.2375g at r=3.25m (bulk)
Throat spike tidal (r<=3.10m)                      PASS  0.63g in 0.16 ns, impulse=6.76e-08 N*s
tau_collapse > Delta_tau                           PASS  56.8 ns >> 7.711 ns
No exotic matter (Phi=0)                           PASS  Phi=0, b'(r0)=0<1, Z-field only
Resonator E = 1.44 MWh                             PASS  E_cav = P_RF*t = 1.4444 MWh = 5.18e9 J

Open Questions (OQ) require parameter refinement. See Section 4a-b.

=== M8I CERTIFIED VALUES ===
Module:           M8I Traversable Wormhole Architecture
Sub-module A:     M8I-Throat v1.1  (Morris-Thorne, Z-field shape function)
Sub-module B:     M8I-Resonator v1.0  (H4 Mode Z-Driver, Nb3Sn toroid)
r0                = 3.0 m
delta             = 0.5 m
Z_throat          = Z(r0) = 1.0000  [Z: 1 -> 15 across throat]
b(r0)             = 3.000000 m  [THROAT]
b'(r0) [ODE]      = 0.00000000  [FLARING-OUT PASS: b'<1]
min(1-b/r)        = 0.031085  [NO HORIZON PASS]
tau_collapse      = 56.76 ns  [STABLE]
max_tidal_bulk    = 0.2375 g at r=3.25 m  (r>3.10m)
tidal_spike       = 0.6267 g in 0.157 ns zone
L_proper          = 7.3581 m  (r0 to r0+2*delta, both sides)
Delta_tau         = 7.7110e-09 s  = 7.711 ns
E_Z_nat           = 1.9071e+05 m^-1  [Z-field vacuum, natural units]
E_cav (RF)        = 5.2000e+09 J  = 1.4444 MWh  [resonator startup]
t_fill (RF)       = 104 s at 50 MW
f_sweep_max       = 3.14893e+08 Hz  = 314.8927 MHz
f_sweep_min       = 2.24923e+07 Hz  = 22.492337 MHz
OQ-1:             High tidal near throat b/c b'(r0)=0; fix: non-zero b'(r0)
OQ-2:             Transit 7.7 ns vs 1.08 ns claimed; fix: larger f^2
Causal parent:    M8H (G_eff=G0*(15/Z)^4, A=50625, CERTIFIED)
STATUS:           ARCHITECTURE_CERTIFIED_WITH_OPEN_QUESTIONS
