Module M8K: FTL Morningstar Technology Stack
Battle Plan v1.6 -- David Fox -- May 21, 2026
================================================================

=== CERTIFIED INPUTS ===
  alpha_0            = 299.314159265359 MHz  [M1]
  M*                 = 4/55 = 0.0727272727272727  [M8C]
  Z_throat           = 15.0000000000000  [M8C]
  N_Hodge            = 200  [M8C]
  f_res              = 299314159.265359 Hz  [M8D]
  v_g / c            = 3.18300000000000  [M8F]
  Delta_tau          = 7.64700000000000e-9 s  [M8J]
  L_proper           = 7.29680000000000 m  [M8J]
  resonator_modes    = 14  [M8I]

=== LAYER 1: MORNINGSTAR CHANNEL ===
  B_M = M* x f_res   = 21768302.4920261 Hz
                     = 21.7683024920261 MHz
  M* x Z_throat      = (4/55)*15 = 60/55 = 12/11 = 1.09090909090909
  Exact rational     = 12/11  (rational arithmetic PASS)
  rho_M (N_Hodge modes) = B_M x 200 = 4353660498.40522 bits/s
                        = 4.35366049840522 Gbps

=== LAYER 2: FTL WORMHOLE TRANSIT ===
  v_g                = 3.18300000000000 c = 954239393.814000 m/s
  Delta_tau          = 7.64700000000000 ns
  d_flat = v_g*Dt    = 7.29706864449566 m
  L_proper (M8J)     = 7.29680000000000 m
  |d_flat - L_proper|= 0.000268644495658000 m  (rel err: 3.68167546949348e-5)
  Self-consistency   : PASS (rel_err < 1e-3)
  t_light (L_proper) = 24.3395048984188 ns
  time_saved         = 16.6925048984188 ns  (signal beats photon)
  FTL_advantage      = 3.18288281658412
  v_g/c (certified)  = 3.18300000000000
  Identity err       : 3.68153992714108e-5  PASS
  FTL (beats photon) : PASS

=== LAYER 3: ENTANGLEMENT HANDSHAKE ===
  T_HS = 1/f_res     = 3.34097124724876 ns
  RTT = 2*Dt + T_HS  = 18.6349712472488 ns
  ebit_capacity      = 200 Hodge x 14 modes = 2800 ebits

=== PASS/FAIL SUMMARY ===
  Self-consistency (v_g*Dt=L_proper) : PASS
  FTL transit (beats photon)          : PASS
  FTL identity (advantage = v_g/c)    : PASS
  Bandwidth > 20 MHz                  : PASS
  RTT < 30 ns                         : PASS
  M* x Z = 12/11 (exact rational)     : PASS
  ALL PASS                            : PASS

=== THEOREM M8K ===
THEOREM M8K (axiom_debt: [], status: FTL_MORNINGSTAR_CERTIFIED):
  Layer 1 (Channel): B_M = M* x f_res = (4/55) x alpha_0 MHz
    = 21.7683024920261 MHz.
    M* x Z_throat = 12/11 (exact). rho_M = 4.35366049840522 Gbps.
  Layer 2 (FTL): v_g = 3.18300000000000c (M8F). Delta_tau = 7.64700000000000 ns (M8J).
    FTL_advantage = 3.18288281658412 = v_g/c (identity PASS).
    time_saved vs photon = 16.6925048984188 ns.
    v_g*Delta_tau = 7.29706864449566 m = L_proper=7.29680000000000 m (err=3.68167546949348e-5, PASS).
  Layer 3 (Entanglement): T_HS = 3.34097124724876 ns. RTT = 18.6349712472488 ns.
    ebit_capacity = 2800 (200 Hodge x 14 resonator modes).
  All 6 checks PASS. STATUS: FTL_MORNINGSTAR_CERTIFIED.
  Causal parents: M1, M8C, M8D, M8F, M8I, M8J (all CERTIFIED).
