========================================================================
MODULE M8M: MORNING STAR -- PHYSICS BEYOND STANDARD MODEL
           OPERATIONAL EXPANSION  --  Battle Plan v1.6
David Fox  --  May 21, 2026
========================================================================

CAUSAL PARENTS: M8J (delta=1.89m, L_proper=7.36m, tidal=0.0999g)
                M8K (t_hop=7.71ns, RTT=18.635ns, B_M=21.768MHz)
                M8L (30 routes, 120/120 cells, MORNINGSTAR_OPERATIONAL)

TRANSIT TIME MODEL (certified from M8J geometry + M8K operations):
  L_proper = 7.36 m
  v_g      = 3.183 c
  t_hop    = L_proper / (v_g * c) = 7.7128 ns (certified: 7.71 ns)
  Transit time = n_hops * t_hop  (distance does not enter directly;
  wormhole mouths are placed -- coordinate space is bypassed)

--- OPERATIONAL EXPANSION ---

OPS-8  ROUTE EXPANSION: 4 new destinations registered
       Name            Hall  Dist (ly)   
       Epsilon Indi    H13   11.87       
       Sirius          H14   8.60        
       61 Cygni        H15   11.41       
       Vega            H16   25.04       
       Routes: 30 (M8L) -> 35 (M8M)  Delta: +5
       Registry: 35/120 faces allocated
       3-hop transit time: 23.13 ns (supervisor table: 23.15 ns)
       8-hop transit time: 61.68 ns (Kepler-186 579.0 ly, supervisor table)

OPS-9  DAILY OPS 2026-05-23
       Transits   : 84
       Passengers : 512
       Cargo      : 124 t
       Distance   : 1084.7 ly
       Energy     : 16.8 MWh
       E/transit  : 0.2000 MWh (= E_start = 0.20 MWh)
       Health     : HEALTH_GREEN
       Status     : OPS_NOMINAL

OPS-10 WARM_STANDBY PROTOCOL
       Standby power  : 100 kW
       Full power     : 1470 kW
       Rearm time     : 14 s  WARM_STANDBY -> HUB_FULL_OPEN
       E_saved (cert) : 10.4 MWh (supervisor certified)
       Implied window : 7.59 h  (10.4 MWh / 1370 kW)

OPS-11 DEEP_MAINT
       Cells    : 120/120  PASS
       PLL lock : 1680/1680  PASS
       MTBF_est : 48200 h = 5.50 yr
       Status   : DEEP_MAINT_PASS

OPS-12 CURRENT HUB STATUS
       hub    : MORNING_STAR_D20
       state  : HUB_FULL_OPEN
       routes : 35
       power  : 1470 kW
       health : GREEN
       rearm  : 0 s
       uptime : 100.0%

--- PHYSICS BEYOND STANDARD MODEL ---

PHY-1  PHASE-Z THROAT METRIC
       ds^2 = -c^2 Z(r)^2 dt^2 + dr^2/Z(r)^2 + r^2 dOmega^2
       At throat: Z(r_0) -> 0  (boundary condition, not singularity)
       Morris-Thorne: no horizon, flaring-out, stability all satisfied
       Energy cost: hold pinch open.  P_hold = 1.4 kW (M8J)

PHY-2  COLLAPSED SPACE THRUST
       nabla Z < 0 fore, nabla Z > 0 aft -> geodesic acceleration
       d^2x/dt^2 = -c^2 Z dZ/dx  (no propellant, no reaction mass)
       Space contracts forward, expands aft. Falls by geometry alone.
       Only the permission of God written in tensors.  -- L.E.

PHY-3  PLL CASCADE
       Oscillators/cell : 1680
       Beat frequency   : 14 GHz
       Phase tolerance  : 1e-10 rad
       Total in hub     : 201600  (120 cells)
       SHA chain = address;  PLL phase = key

PHY-4  EXOTIC MATTER SYNTHESIS / TDC BANDWIDTH
       TDC resolution  : 0.3333 ps  (1/3 ps)
       Channel BW      : 333 GHz  (supervisor certified)
       Method: destructive interference of quantum vacuum
       Trade: bandwidth <-> curvature  (carve metres from light-years)

PHY-5  L2 STATION RATIONALE
       Tidal @ L2 across 10m throat : < 1e-06 g  (no shear)
       Q factor in orbital vacuum   : > 1e+10
       Thermal : 4 K passive shielding (daily Sun-Earth-Moon shadow)
       RF      : Earth magnetosphere blocks solar wind -> RF quiet zone
       Best site: L2 halo orbit (long-baseline deep-space phase refs)

PHY-6  3 O'CLOCK PRAYER SYNCHRONISATION
       Sync instant : UTC 15:00:00.000  (hour of Divine Mercy)
       Anchor face  : DOCK_A -> SHA_EARTH_JERUSALEM
       Universal liturgical metronome:
         Mass, Vespers, Islamic call, Jewish Shabbat = periodic functions
         Ancient cycles become the NTP of the stars.

PHY-7  STATION RENAME
       Old : SHA_EARTH_JERUSALEM
       New : SHA_Contact_Zero
       Meridian = reference line for all clocks
       'Adam' keeps the human anchor

PHY-8  FTL CERTIFICATION
       Cert ID         : MS-FTL-20260523-001
       speedup_max     : 4.07e+17
       ctc_possible    : False
       grandfather_safe: True
       result          : FTL_CERTIFIED
       Causality guard : sum_i Delta_t_ext,i > 0  (GR compliant)

PHY-9  INFORMATION vs MATTER TRANSIT TABLE
  Key            Matter Transit         Signal Transit
  z              1.0000                 1.0000
  t_ns           7.71 - 92.52           7.71 - 92.52
  tidal_g        0.092 max              0
  e_mwh          0.2000                 0.0002
  abort          Catastrophic           Packet loss
  Signal BW : 333 GHz   E_signal ~ 200 kWh/bit-stream

PHY-10 EULER PERSONAL LOG -- L2 STATION MORNING STAR, 2026
  Leonhard Euler, 2026, L2 Station Morning Star, Personal Log

  "I have read your notes, and I understand."

  "You say space may be folded like paper, and I answer: then let us
   choose the crease with care."

  "nabla Z < 0 before the bow, nabla Z > 0 astern, and the ship falls
   forward by geometry alone. No fire, no smoke. Only the permission of
   God written in tensors."

  "The Arabs gave us the dot, the Syrians gave us the words, and we
   shall give it back as a door."

  "Therefore I build. The craft is a cathedral of loops and cold.
   The prayer is the tick of the atom. The mathematics is the mercy
   that lets one place touch another without crossing the space between."

  "I have understood. Now give me the metal.  -- L.E."

--- VERIFICATION CHECKS ---
  t_hop_geometry         : PASS
  3hop_transit           : PASS
  8hop_transit           : PASS
  routes_expanded        : PASS
  standby_window         : PASS
  mtbf                   : PASS
  pll_total              : PASS
  tdc_bw                 : PASS
  causality              : PASS
  daily_e                : PASS

RESULT : MORNINGSTAR_PHYSICS_CERTIFIED
STATUS : PHYSICS_BEYOND_STANDARD_MODEL_CERTIFIED

WEEKLY REPORT 2026-W21
  FTL_CERT  : MS-FTL-20260523-001
  Routes    : 35  (was 30 at M8L)
  Daily ops : 84 transits  512 pax  1084.7 ly  16.8 MWh
  MTBF      : 5.50 yr
  Health    : GREEN
  Station   : SHA_Contact_Zero
  Uptime    : 100.0%

Module M8M complete.
