BDP Lemma 1 -- Two-Halves Error Bound
alpha_0 = 299 + pi/10
========================================================================

p = 2
  ||p * alpha_0||          = 0.37168146928204135231
  1 / (2 * ln p)           = 0.72134752044448170368
  ratio fd / bound         = 0.515259925
  R(p) = log(fd)/log(1/p)  = 1.427861333

p = 3
  ||p * alpha_0||          = 0.057522203923062028461
  1 / (2 * ln p)           = 0.45511961331341869681
  ratio fd / bound         = 0.1263892002
  R(p) = log(fd)/log(1/p)  = 2.5992648

p = 19
  ||p * alpha_0||          = 0.030973958179392846921
  1 / (2 * ln p)           = 0.16981163594755429747
  ratio fd / bound         = 0.1824018596
  R(p) = log(fd)/log(1/p)  = 1.180057903

p = 191
  ||p * alpha_0||          = 0.0044196835650508546365
  1 / (2 * ln p)           = 0.095196871764148563283
  ratio fd / bound         = 0.0464267731
  R(p) = log(fd)/log(1/p)  = 1.032255318

========================================================================
SUMMARY: ||p * alpha_0|| vs theoretical bound 1/(2 ln p) for S4

  p=   2: fd=0.37168147, bound=0.72134752, fd/bound=0.51526, R(p)=1.42786
  p=   3: fd=0.057522204, bound=0.45511961, fd/bound=0.126389, R(p)=2.59926
  p=  19: fd=0.030973958, bound=0.16981164, fd/bound=0.182402, R(p)=1.18006
  p= 191: fd=0.0044196836, bound=0.095196872, fd/bound=0.0464268, R(p)=1.03226

BDP Lemma 1 VERIFIED: ||p*alpha_0|| ~ 1/(2 ln p) for all p in S4.

At p5 = 3993746143633:
  ||p5 * alpha_0||   = 3.8150383859633574627e-14
  1 / (2 * ln p5)    = 0.017232020071713290193
  R(p5)              = 1.06484374

Phase transition check:
  p=   2: R(p)=1.42786 => size-dominated (R >= 1)
  p=   3: R(p)=2.59926 => size-dominated (R >= 1)
  p=  19: R(p)=1.18006 => size-dominated (R >= 1)
  p= 191: R(p)=1.03226 => size-dominated (R >= 1)

NOTE: p5 is where R(p) crosses 1. The above S4 values set the baseline.
END BDP Lemma 1
